<?xml version="1.0" encoding="UTF-8"?>
<testng-results ignored="0" total="1" passed="1" failed="0" skipped="0">
  <reporter-output>
  </reporter-output>
  <suite started-at="2022-01-10T21:05:46 IST" name="Default suite" finished-at="2022-01-10T21:06:07 IST" duration-ms="20864">
    <groups>
    </groups>
    <test started-at="2022-01-10T21:05:46 IST" name="Default test" finished-at="2022-01-10T21:06:07 IST" duration-ms="20864">
      <class name="testHomepage.ScheduleMeeting">
        <test-method is-config="true" signature="setUp()[pri:0, instance:testHomepage.ScheduleMeeting@57bc27f5]" started-at="2022-01-10T21:05:46 IST" name="setUp" finished-at="2022-01-10T21:05:50 IST" duration-ms="3834" status="PASS">
          <reporter-output>
          </reporter-output>
        </test-method> <!-- setUp -->
        <test-method signature="scheduleMeeting()[pri:0, instance:testHomepage.ScheduleMeeting@57bc27f5]" started-at="2022-01-10T21:05:50 IST" name="scheduleMeeting" finished-at="2022-01-10T21:06:03 IST" duration-ms="13539" status="PASS">
          <reporter-output>
          </reporter-output>
        </test-method> <!-- scheduleMeeting -->
        <test-method is-config="true" signature="tearDown()[pri:0, instance:testHomepage.ScheduleMeeting@57bc27f5]" started-at="2022-01-10T21:06:03 IST" name="tearDown" finished-at="2022-01-10T21:06:07 IST" duration-ms="3411" status="PASS">
          <reporter-output>
          </reporter-output>
        </test-method> <!-- tearDown -->
      </class> <!-- testHomepage.ScheduleMeeting -->
    </test> <!-- Default test -->
  </suite> <!-- Default suite -->
</testng-results>
